<?xml version="1.0" encoding="UTF-8"?>
<testsuite name="LapSplitListTest" tests="1" skipped="0" failures="0" errors="0" timestamp="2019-05-27T02:48:06" hostname="BeomNote" time="0.004">
  <properties/>
  <testcase name="storeLapSplit" classname="LapSplitListTest" time="0.004"/>
  <system-out><![CDATA[3
]]></system-out>
  <system-err><![CDATA[]]></system-err>
</testsuite>
